SF:lib\counter.dart
DA:3,2
DA:5,2
DA:6,2
DA:9,4
DA:11,2
DA:12,10
DA:15,2
DA:17,4
DA:18,4
DA:22,2
DA:23,2
DA:24,2
LF:12
LH:12
end_of_record
SF:lib\main.dart
DA:4,0
DA:5,0
DA:9,3
DA:12,1
DA:14,1
DA:16,1
DA:17,1
DA:26,2
DA:29,1
DA:30,1
DA:36,1
DA:38,1
DA:39,2
DA:43,1
DA:45,1
DA:46,1
DA:47,3
DA:48,3
DA:50,1
DA:51,1
DA:53,1
DA:57,1
DA:58,3
DA:59,3
DA:62,1
DA:64,1
DA:65,1
DA:66,1
DA:67,2
DA:68,2
DA:71,1
DA:85,1
DA:86,1
DA:87,2
DA:88,2
DA:91,1
DA:105,1
DA:106,1
DA:107,2
DA:108,2
DA:111,1
LF:41
LH:39
end_of_record
SF:lib\task_repository.dart
DA:6,1
DA:8,1
DA:9,3
DA:10,2
DA:12,1
DA:14,1
LF:6
LH:6
end_of_record
